<?xml version="1.0" encoding="UTF-8"?>
<testng-results skipped="0" failed="0" ignored="0" total="2" passed="2">
  <reporter-output>
  </reporter-output>
  <suite name="Default suite" duration-ms="115847" started-at="2021-06-21T18:18:43Z" finished-at="2021-06-21T18:20:38Z">
    <groups>
    </groups>
    <test name="Default test" duration-ms="115847" started-at="2021-06-21T18:18:43Z" finished-at="2021-06-21T18:20:38Z">
      <class name="com.qa.crm.testcases.LoginPageTest">
        <test-method status="PASS" signature="setUp()[pri:0, instance:com.qa.crm.testcases.LoginPageTest@39c0f4a]" name="setUp" is-config="true" duration-ms="58103" started-at="2021-06-21T18:18:43Z" finished-at="2021-06-21T18:19:41Z">
          <reporter-output>
          </reporter-output>
        </test-method> <!-- setUp -->
        <test-method status="PASS" signature="LoginPageTitlePage()[pri:1, instance:com.qa.crm.testcases.LoginPageTest@39c0f4a]" name="LoginPageTitlePage" duration-ms="737" started-at="2021-06-21T18:19:41Z" finished-at="2021-06-21T18:19:42Z">
          <reporter-output>
          </reporter-output>
        </test-method> <!-- LoginPageTitlePage -->
        <test-method status="PASS" signature="setUp()[pri:0, instance:com.qa.crm.testcases.LoginPageTest@39c0f4a]" name="setUp" is-config="true" duration-ms="46155" started-at="2021-06-21T18:19:42Z" finished-at="2021-06-21T18:20:28Z">
          <reporter-output>
          </reporter-output>
        </test-method> <!-- setUp -->
        <test-method status="PASS" signature="tearDown()[pri:0, instance:com.qa.crm.testcases.LoginPageTest@39c0f4a]" name="tearDown" is-config="true" duration-ms="0" started-at="2021-06-21T18:19:42Z" finished-at="2021-06-21T18:19:42Z">
          <reporter-output>
          </reporter-output>
        </test-method> <!-- tearDown -->
        <test-method status="PASS" signature="loginTest()[pri:2, instance:com.qa.crm.testcases.LoginPageTest@39c0f4a]" name="loginTest" duration-ms="10785" started-at="2021-06-21T18:20:28Z" finished-at="2021-06-21T18:20:38Z">
          <reporter-output>
          </reporter-output>
        </test-method> <!-- loginTest -->
        <test-method status="PASS" signature="tearDown()[pri:0, instance:com.qa.crm.testcases.LoginPageTest@39c0f4a]" name="tearDown" is-config="true" duration-ms="0" started-at="2021-06-21T18:20:38Z" finished-at="2021-06-21T18:20:38Z">
          <reporter-output>
          </reporter-output>
        </test-method> <!-- tearDown -->
      </class> <!-- com.qa.crm.testcases.LoginPageTest -->
    </test> <!-- Default test -->
  </suite> <!-- Default suite -->
</testng-results>
